# JRE version: Java(TM) SE Runtime Environment (8.0_25-b17) (build 1.8.0_25-b17)
# Java VM: Java HotSpot(TM) 64-Bit Server VM (25.25-b02 mixed mode bsd-amd64 compressed oops)
Heap:
 PSYoungGen      total 24576K, used 14951K [0x0000000795580000, 0x00000007abb00000, 0x00000007c0000000)
  eden space 24064K, 61% used [0x0000000795580000,0x0000000796411e00,0x0000000796d00000)
  from space 512K, 6% used [0x00000007aba00000,0x00000007aba08000,0x00000007aba80000)
  to   space 512K, 0% used [0x00000007aba80000,0x00000007aba80000,0x00000007abb00000)
 ParOldGen       total 87552K, used 6174K [0x0000000740000000, 0x0000000745580000, 0x0000000795580000)
  object space 87552K, 7% used [0x0000000740000000,0x0000000740607810,0x0000000745580000)
 Metaspace       used 14511K, capacity 15056K, committed 15232K, reserved 1062912K
  class space    used 1934K, capacity 2083K, committed 2176K, reserved 1048576K
GC Heap History (10 events):
Event: 82.098 GC heap before
{Heap before GC invocations=541 (full 0):
 PSYoungGen      total 24576K, used 24128K [0x0000000795580000, 0x00000007abb00000, 0x00000007c0000000)
  eden space 24064K, 100% used [0x0000000795580000,0x0000000796d00000,0x0000000796d00000)
  from space 512K, 12% used [0x00000007aba80000,0x00000007aba90000,0x00000007abb00000)
  to   space 512K, 0% used [0x00000007aba00000,0x00000007aba00000,0x00000007aba80000)
 ParOldGen       total 87552K, used 6166K [0x0000000740000000, 0x0000000745580000, 0x0000000795580000)
  object space 87552K, 7% used [0x0000000740000000,0x0000000740605810,0x0000000745580000)
 Metaspace       used 14511K, capacity 15056K, committed 15232K, reserved 1062912K
  class space    used 1934K, capacity 2083K, committed 2176K, reserved 1048576K
Event: 82.098 GC heap after
Heap after GC invocations=541 (full 0):
 PSYoungGen      total 24576K, used 64K [0x0000000795580000, 0x00000007abb00000, 0x00000007c0000000)
  eden space 24064K, 0% used [0x0000000795580000,0x0000000795580000,0x0000000796d00000)
  from space 512K, 12% used [0x00000007aba00000,0x00000007aba10000,0x00000007aba80000)
  to   space 512K, 0% used [0x00000007aba80000,0x00000007aba80000,0x00000007abb00000)
 ParOldGen       total 87552K, used 6166K [0x0000000740000000, 0x0000000745580000, 0x0000000795580000)
  object space 87552K, 7% used [0x0000000740000000,0x0000000740605810,0x0000000745580000)
 Metaspace       used 14511K, capacity 15056K, committed 15232K, reserved 1062912K
  class space    used 1934K, capacity 2083K, committed 2176K, reserved 1048576K
}
Event: 82.192 GC heap before
{Heap before GC invocations=542 (full 0):
 PSYoungGen      total 24576K, used 24128K [0x0000000795580000, 0x00000007abb00000, 0x00000007c0000000)
  eden space 24064K, 100% used [0x0000000795580000,0x0000000796d00000,0x0000000796d00000)
  from space 512K, 12% used [0x00000007aba00000,0x00000007aba10000,0x00000007aba80000)
  to   space 512K, 0% used [0x00000007aba80000,0x00000007aba80000,0x00000007abb00000)
 ParOldGen       total 87552K, used 6166K [0x0000000740000000, 0x0000000745580000, 0x0000000795580000)
  object space 87552K, 7% used [0x0000000740000000,0x0000000740605810,0x0000000745580000)
 Metaspace       used 14511K, capacity 15056K, committed 15232K, reserved 1062912K
  class space    used 1934K, capacity 2083K, committed 2176K, reserved 1048576K
Event: 82.193 GC heap after
Heap after GC invocations=542 (full 0):
 PSYoungGen      total 24576K, used 32K [0x0000000795580000, 0x00000007abb00000, 0x00000007c0000000)
  eden space 24064K, 0% used [0x0000000795580000,0x0000000795580000,0x0000000796d00000)
  from space 512K, 6% used [0x00000007aba80000,0x00000007aba88000,0x00000007abb00000)
  to   space 512K, 0% used [0x00000007aba00000,0x00000007aba00000,0x00000007aba80000)
 ParOldGen       total 87552K, used 6166K [0x0000000740000000, 0x0000000745580000, 0x0000000795580000)
  object space 87552K, 7% used [0x0000000740000000,0x0000000740605810,0x0000000745580000)
 Metaspace       used 14511K, capacity 15056K, committed 15232K, reserved 1062912K
  class space    used 1934K, capacity 2083K, committed 2176K, reserved 1048576K
}
Event: 82.273 GC heap before
{Heap before GC invocations=543 (full 0):
 PSYoungGen      total 24576K, used 24096K [0x0000000795580000, 0x00000007abb00000, 0x00000007c0000000)
  eden space 24064K, 100% used [0x0000000795580000,0x0000000796d00000,0x0000000796d00000)
  from space 512K, 6% used [0x00000007aba80000,0x00000007aba88000,0x00000007abb00000)
  to   space 512K, 0% used [0x00000007aba00000,0x00000007aba00000,0x00000007aba80000)
 ParOldGen       total 87552K, used 6166K [0x0000000740000000, 0x0000000745580000, 0x0000000795580000)
  object space 87552K, 7% used [0x0000000740000000,0x0000000740605810,0x0000000745580000)
 Metaspace       used 14511K, capacity 15056K, committed 15232K, reserved 1062912K
  class space    used 1934K, capacity 2083K, committed 2176K, reserved 1048576K
Event: 82.274 GC heap after
Heap after GC invocations=543 (full 0):
 PSYoungGen      total 24576K, used 32K [0x0000000795580000, 0x00000007abb00000, 0x00000007c0000000)
  eden space 24064K, 0% used [0x0000000795580000,0x0000000795580000,0x0000000796d00000)
  from space 512K, 6% used [0x00000007aba00000,0x00000007aba08000,0x00000007aba80000)
  to   space 512K, 0% used [0x00000007aba80000,0x00000007aba80000,0x00000007abb00000)
 ParOldGen       total 87552K, used 6166K [0x0000000740000000, 0x0000000745580000, 0x0000000795580000)
  object space 87552K, 7% used [0x0000000740000000,0x0000000740605810,0x0000000745580000)
 Metaspace       used 14511K, capacity 15056K, committed 15232K, reserved 1062912K
  class space    used 1934K, capacity 2083K, committed 2176K, reserved 1048576K
}
Event: 82.370 GC heap before
{Heap before GC invocations=544 (full 0):
 PSYoungGen      total 24576K, used 24096K [0x0000000795580000, 0x00000007abb00000, 0x00000007c0000000)
  eden space 24064K, 100% used [0x0000000795580000,0x0000000796d00000,0x0000000796d00000)
  from space 512K, 6% used [0x00000007aba00000,0x00000007aba08000,0x00000007aba80000)
  to   space 512K, 0% used [0x00000007aba80000,0x00000007aba80000,0x00000007abb00000)
 ParOldGen       total 87552K, used 6166K [0x0000000740000000, 0x0000000745580000, 0x0000000795580000)
  object space 87552K, 7% used [0x0000000740000000,0x0000000740605810,0x0000000745580000)
 Metaspace       used 14511K, capacity 15056K, committed 15232K, reserved 1062912K
  class space    used 1934K, capacity 2083K, committed 2176K, reserved 1048576K
Event: 82.370 GC heap after
Heap after GC invocations=544 (full 0):
 PSYoungGen      total 24576K, used 32K [0x0000000795580000, 0x00000007abb00000, 0x00000007c0000000)
  eden space 24064K, 0% used [0x0000000795580000,0x0000000795580000,0x0000000796d00000)
  from space 512K, 6% used [0x00000007aba80000,0x00000007aba88000,0x00000007abb00000)
  to   space 512K, 0% used [0x00000007aba00000,0x00000007aba00000,0x00000007aba80000)
 ParOldGen       total 87552K, used 6166K [0x0000000740000000, 0x0000000745580000, 0x0000000795580000)
  object space 87552K, 7% used [0x0000000740000000,0x0000000740605810,0x0000000745580000)
 Metaspace       used 14511K, capacity 15056K, committed 15232K, reserved 1062912K
  class space    used 1934K, capacity 2083K, committed 2176K, reserved 1048576K
}
Event: 82.465 GC heap before
{Heap before GC invocations=545 (full 0):
 PSYoungGen      total 24576K, used 24096K [0x0000000795580000, 0x00000007abb00000, 0x00000007c0000000)
  eden space 24064K, 100% used [0x0000000795580000,0x0000000796d00000,0x0000000796d00000)
  from space 512K, 6% used [0x00000007aba80000,0x00000007aba88000,0x00000007abb00000)
  to   space 512K, 0% used [0x00000007aba00000,0x00000007aba00000,0x00000007aba80000)
 ParOldGen       total 87552K, used 6166K [0x0000000740000000, 0x0000000745580000, 0x0000000795580000)
  object space 87552K, 7% used [0x0000000740000000,0x0000000740605810,0x0000000745580000)
 Metaspace       used 14511K, capacity 15056K, committed 15232K, reserved 1062912K
  class space    used 1934K, capacity 2083K, committed 2176K, reserved 1048576K
Event: 82.467 GC heap after
Heap after GC invocations=545 (full 0):
 PSYoungGen      total 24576K, used 32K [0x0000000795580000, 0x00000007abb00000, 0x00000007c0000000)
  eden space 24064K, 0% used [0x0000000795580000,0x0000000795580000,0x0000000796d00000)
  from space 512K, 6% used [0x00000007aba00000,0x00000007aba08000,0x00000007aba80000)
  to   space 512K, 0% used [0x00000007aba80000,0x00000007aba80000,0x00000007abb00000)
 ParOldGen       total 87552K, used 6174K [0x0000000740000000, 0x0000000745580000, 0x0000000795580000)
  object space 87552K, 7% used [0x0000000740000000,0x0000000740607810,0x0000000745580000)
 Metaspace       used 14511K, capacity 15056K, committed 15232K, reserved 1062912K
  class space    used 1934K, capacity 2083K, committed 2176K, reserved 1048576K
}

