# JRE version: Java(TM) SE Runtime Environment (8.0_25-b17) (build 1.8.0_25-b17)
# Java VM: Java HotSpot(TM) 64-Bit Server VM (25.25-b02 mixed mode bsd-amd64 compressed oops)
Heap:
 PSYoungGen      total 24576K, used 4844K [0x0000000795580000, 0x00000007ab600000, 0x00000007c0000000)
  eden space 24064K, 20% used [0x0000000795580000,0x0000000795a33358,0x0000000796d00000)
  from space 512K, 6% used [0x00000007ab580000,0x00000007ab588000,0x00000007ab600000)
  to   space 512K, 0% used [0x00000007ab500000,0x00000007ab500000,0x00000007ab580000)
 ParOldGen       total 87552K, used 27946K [0x0000000740000000, 0x0000000745580000, 0x0000000795580000)
  object space 87552K, 31% used [0x0000000740000000,0x0000000741b4a840,0x0000000745580000)
 Metaspace       used 14501K, capacity 14984K, committed 15232K, reserved 1062912K
  class space    used 1933K, capacity 2083K, committed 2176K, reserved 1048576K
GC Heap History (10 events):
Event: 1281.122 GC heap before
{Heap before GC invocations=15086 (full 0):
 PSYoungGen      total 26624K, used 26144K [0x0000000795580000, 0x00000007ab600000, 0x00000007c0000000)
  eden space 26112K, 100% used [0x0000000795580000,0x0000000796f00000,0x0000000796f00000)
  from space 512K, 6% used [0x00000007ab500000,0x00000007ab508000,0x00000007ab580000)
  to   space 512K, 0% used [0x00000007ab580000,0x00000007ab580000,0x00000007ab600000)
 ParOldGen       total 87552K, used 27938K [0x0000000740000000, 0x0000000745580000, 0x0000000795580000)
  object space 87552K, 31% used [0x0000000740000000,0x0000000741b48840,0x0000000745580000)
 Metaspace       used 14501K, capacity 14984K, committed 15232K, reserved 1062912K
  class space    used 1933K, capacity 2083K, committed 2176K, reserved 1048576K
Event: 1281.124 GC heap after
Heap after GC invocations=15086 (full 0):
 PSYoungGen      total 26112K, used 32K [0x0000000795580000, 0x00000007ab600000, 0x00000007c0000000)
  eden space 25600K, 0% used [0x0000000795580000,0x0000000795580000,0x0000000796e80000)
  from space 512K, 6% used [0x00000007ab580000,0x00000007ab588000,0x00000007ab600000)
  to   space 512K, 0% used [0x00000007ab500000,0x00000007ab500000,0x00000007ab580000)
 ParOldGen       total 87552K, used 27946K [0x0000000740000000, 0x0000000745580000, 0x0000000795580000)
  object space 87552K, 31% used [0x0000000740000000,0x0000000741b4a840,0x0000000745580000)
 Metaspace       used 14501K, capacity 14984K, committed 15232K, reserved 1062912K
  class space    used 1933K, capacity 2083K, committed 2176K, reserved 1048576K
}
Event: 1281.265 GC heap before
{Heap before GC invocations=15087 (full 0):
 PSYoungGen      total 26112K, used 25632K [0x0000000795580000, 0x00000007ab600000, 0x00000007c0000000)
  eden space 25600K, 100% used [0x0000000795580000,0x0000000796e80000,0x0000000796e80000)
  from space 512K, 6% used [0x00000007ab580000,0x00000007ab588000,0x00000007ab600000)
  to   space 512K, 0% used [0x00000007ab500000,0x00000007ab500000,0x00000007ab580000)
 ParOldGen       total 87552K, used 27946K [0x0000000740000000, 0x0000000745580000, 0x0000000795580000)
  object space 87552K, 31% used [0x0000000740000000,0x0000000741b4a840,0x0000000745580000)
 Metaspace       used 14501K, capacity 14984K, committed 15232K, reserved 1062912K
  class space    used 1933K, capacity 2083K, committed 2176K, reserved 1048576K
Event: 1281.265 GC heap after
Heap after GC invocations=15087 (full 0):
 PSYoungGen      total 25600K, used 64K [0x0000000795580000, 0x00000007ab600000, 0x00000007c0000000)
  eden space 25088K, 0% used [0x0000000795580000,0x0000000795580000,0x0000000796e00000)
  from space 512K, 12% used [0x00000007ab500000,0x00000007ab510000,0x00000007ab580000)
  to   space 512K, 0% used [0x00000007ab580000,0x00000007ab580000,0x00000007ab600000)
 ParOldGen       total 87552K, used 27946K [0x0000000740000000, 0x0000000745580000, 0x0000000795580000)
  object space 87552K, 31% used [0x0000000740000000,0x0000000741b4a840,0x0000000745580000)
 Metaspace       used 14501K, capacity 14984K, committed 15232K, reserved 1062912K
  class space    used 1933K, capacity 2083K, committed 2176K, reserved 1048576K
}
Event: 1281.488 GC heap before
{Heap before GC invocations=15088 (full 0):
 PSYoungGen      total 25600K, used 25152K [0x0000000795580000, 0x00000007ab600000, 0x00000007c0000000)
  eden space 25088K, 100% used [0x0000000795580000,0x0000000796e00000,0x0000000796e00000)
  from space 512K, 12% used [0x00000007ab500000,0x00000007ab510000,0x00000007ab580000)
  to   space 512K, 0% used [0x00000007ab580000,0x00000007ab580000,0x00000007ab600000)
 ParOldGen       total 87552K, used 27946K [0x0000000740000000, 0x0000000745580000, 0x0000000795580000)
  object space 87552K, 31% used [0x0000000740000000,0x0000000741b4a840,0x0000000745580000)
 Metaspace       used 14501K, capacity 14984K, committed 15232K, reserved 1062912K
  class space    used 1933K, capacity 2083K, committed 2176K, reserved 1048576K
Event: 1281.489 GC heap after
Heap after GC invocations=15088 (full 0):
 PSYoungGen      total 25088K, used 32K [0x0000000795580000, 0x00000007ab600000, 0x00000007c0000000)
  eden space 24576K, 0% used [0x0000000795580000,0x0000000795580000,0x0000000796d80000)
  from space 512K, 6% used [0x00000007ab580000,0x00000007ab588000,0x00000007ab600000)
  to   space 512K, 0% used [0x00000007ab500000,0x00000007ab500000,0x00000007ab580000)
 ParOldGen       total 87552K, used 27946K [0x0000000740000000, 0x0000000745580000, 0x0000000795580000)
  object space 87552K, 31% used [0x0000000740000000,0x0000000741b4a840,0x0000000745580000)
 Metaspace       used 14501K, capacity 14984K, committed 15232K, reserved 1062912K
  class space    used 1933K, capacity 2083K, committed 2176K, reserved 1048576K
}
Event: 1281.581 GC heap before
{Heap before GC invocations=15089 (full 0):
 PSYoungGen      total 25088K, used 24608K [0x0000000795580000, 0x00000007ab600000, 0x00000007c0000000)
  eden space 24576K, 100% used [0x0000000795580000,0x0000000796d80000,0x0000000796d80000)
  from space 512K, 6% used [0x00000007ab580000,0x00000007ab588000,0x00000007ab600000)
  to   space 512K, 0% used [0x00000007ab500000,0x00000007ab500000,0x00000007ab580000)
 ParOldGen       total 87552K, used 27946K [0x0000000740000000, 0x0000000745580000, 0x0000000795580000)
  object space 87552K, 31% used [0x0000000740000000,0x0000000741b4a840,0x0000000745580000)
 Metaspace       used 14501K, capacity 14984K, committed 15232K, reserved 1062912K
  class space    used 1933K, capacity 2083K, committed 2176K, reserved 1048576K
Event: 1281.582 GC heap after
Heap after GC invocations=15089 (full 0):
 PSYoungGen      total 24576K, used 64K [0x0000000795580000, 0x00000007ab600000, 0x00000007c0000000)
  eden space 24064K, 0% used [0x0000000795580000,0x0000000795580000,0x0000000796d00000)
  from space 512K, 12% used [0x00000007ab500000,0x00000007ab510000,0x00000007ab580000)
  to   space 512K, 0% used [0x00000007ab580000,0x00000007ab580000,0x00000007ab600000)
 ParOldGen       total 87552K, used 27946K [0x0000000740000000, 0x0000000745580000, 0x0000000795580000)
  object space 87552K, 31% used [0x0000000740000000,0x0000000741b4a840,0x0000000745580000)
 Metaspace       used 14501K, capacity 14984K, committed 15232K, reserved 1062912K
  class space    used 1933K, capacity 2083K, committed 2176K, reserved 1048576K
}
Event: 1281.681 GC heap before
{Heap before GC invocations=15090 (full 0):
 PSYoungGen      total 24576K, used 24128K [0x0000000795580000, 0x00000007ab600000, 0x00000007c0000000)
  eden space 24064K, 100% used [0x0000000795580000,0x0000000796d00000,0x0000000796d00000)
  from space 512K, 12% used [0x00000007ab500000,0x00000007ab510000,0x00000007ab580000)
  to   space 512K, 0% used [0x00000007ab580000,0x00000007ab580000,0x00000007ab600000)
 ParOldGen       total 87552K, used 27946K [0x0000000740000000, 0x0000000745580000, 0x0000000795580000)
  object space 87552K, 31% used [0x0000000740000000,0x0000000741b4a840,0x0000000745580000)
 Metaspace       used 14501K, capacity 14984K, committed 15232K, reserved 1062912K
  class space    used 1933K, capacity 2083K, committed 2176K, reserved 1048576K
Event: 1281.683 GC heap after
Heap after GC invocations=15090 (full 0):
 PSYoungGen      total 24576K, used 32K [0x0000000795580000, 0x00000007ab600000, 0x00000007c0000000)
  eden space 24064K, 0% used [0x0000000795580000,0x0000000795580000,0x0000000796d00000)
  from space 512K, 6% used [0x00000007ab580000,0x00000007ab588000,0x00000007ab600000)
  to   space 512K, 0% used [0x00000007ab500000,0x00000007ab500000,0x00000007ab580000)
 ParOldGen       total 87552K, used 27946K [0x0000000740000000, 0x0000000745580000, 0x0000000795580000)
  object space 87552K, 31% used [0x0000000740000000,0x0000000741b4a840,0x0000000745580000)
 Metaspace       used 14501K, capacity 14984K, committed 15232K, reserved 1062912K
  class space    used 1933K, capacity 2083K, committed 2176K, reserved 1048576K
}

