# JRE version: Java(TM) SE Runtime Environment (8.0_25-b17) (build 1.8.0_25-b17)
# Java VM: Java HotSpot(TM) 64-Bit Server VM (25.25-b02 mixed mode bsd-amd64 compressed oops)
Heap:
 PSYoungGen      total 38912K, used 12222K [0x0000000795580000, 0x0000000798400000, 0x00000007c0000000)
  eden space 31232K, 39% used [0x0000000795580000,0x0000000796167940,0x0000000797400000)
  from space 7680K, 0% used [0x0000000797c00000,0x0000000797c08000,0x0000000798380000)
  to   space 8192K, 0% used [0x0000000797400000,0x0000000797400000,0x0000000797c00000)
 ParOldGen       total 87552K, used 5414K [0x0000000740000000, 0x0000000745580000, 0x0000000795580000)
  object space 87552K, 6% used [0x0000000740000000,0x0000000740549820,0x0000000745580000)
 Metaspace       used 14521K, capacity 15052K, committed 15232K, reserved 1062912K
  class space    used 1930K, capacity 2083K, committed 2176K, reserved 1048576K
GC Heap History (10 events):
Event: 17.385 GC heap before
{Heap before GC invocations=4 (full 0):
 PSYoungGen      total 38400K, used 37272K [0x0000000795580000, 0x0000000798000000, 0x00000007c0000000)
  eden space 33280K, 100% used [0x0000000795580000,0x0000000797600000,0x0000000797600000)
  from space 5120K, 77% used [0x0000000797600000,0x00000007979e6040,0x0000000797b00000)
  to   space 5120K, 0% used [0x0000000797b00000,0x0000000797b00000,0x0000000798000000)
 ParOldGen       total 87552K, used 1436K [0x0000000740000000, 0x0000000745580000, 0x0000000795580000)
  object space 87552K, 1% used [0x0000000740000000,0x00000007401672c0,0x0000000745580000)
 Metaspace       used 14521K, capacity 15052K, committed 15232K, reserved 1062912K
  class space    used 1930K, capacity 2083K, committed 2176K, reserved 1048576K
Event: 17.391 GC heap after
Heap after GC invocations=4 (full 0):
 PSYoungGen      total 38400K, used 3992K [0x0000000795580000, 0x0000000798000000, 0x00000007c0000000)
  eden space 33280K, 0% used [0x0000000795580000,0x0000000795580000,0x0000000797600000)
  from space 5120K, 77% used [0x0000000797b00000,0x0000000797ee6040,0x0000000798000000)
  to   space 5120K, 0% used [0x0000000797600000,0x0000000797600000,0x0000000797b00000)
 ParOldGen       total 87552K, used 1436K [0x0000000740000000, 0x0000000745580000, 0x0000000795580000)
  object space 87552K, 1% used [0x0000000740000000,0x00000007401672c0,0x0000000745580000)
 Metaspace       used 14521K, capacity 15052K, committed 15232K, reserved 1062912K
  class space    used 1930K, capacity 2083K, committed 2176K, reserved 1048576K
}
Event: 18.337 GC heap before
{Heap before GC invocations=5 (full 0):
 PSYoungGen      total 38400K, used 37272K [0x0000000795580000, 0x0000000798000000, 0x00000007c0000000)
  eden space 33280K, 100% used [0x0000000795580000,0x0000000797600000,0x0000000797600000)
  from space 5120K, 77% used [0x0000000797b00000,0x0000000797ee6040,0x0000000798000000)
  to   space 5120K, 0% used [0x0000000797600000,0x0000000797600000,0x0000000797b00000)
 ParOldGen       total 87552K, used 1436K [0x0000000740000000, 0x0000000745580000, 0x0000000795580000)
  object space 87552K, 1% used [0x0000000740000000,0x00000007401672c0,0x0000000745580000)
 Metaspace       used 14521K, capacity 15052K, committed 15232K, reserved 1062912K
  class space    used 1930K, capacity 2083K, committed 2176K, reserved 1048576K
Event: 18.347 GC heap after
Heap after GC invocations=5 (full 0):
 PSYoungGen      total 37888K, used 3992K [0x0000000795580000, 0x0000000798380000, 0x00000007c0000000)
  eden space 32768K, 0% used [0x0000000795580000,0x0000000795580000,0x0000000797580000)
  from space 5120K, 77% used [0x0000000797600000,0x00000007979e6040,0x0000000797b00000)
  to   space 7168K, 0% used [0x0000000797c80000,0x0000000797c80000,0x0000000798380000)
 ParOldGen       total 87552K, used 1444K [0x0000000740000000, 0x0000000745580000, 0x0000000795580000)
  object space 87552K, 1% used [0x0000000740000000,0x00000007401692c0,0x0000000745580000)
 Metaspace       used 14521K, capacity 15052K, committed 15232K, reserved 1062912K
  class space    used 1930K, capacity 2083K, committed 2176K, reserved 1048576K
}
Event: 19.313 GC heap before
{Heap before GC invocations=6 (full 0):
 PSYoungGen      total 37888K, used 36760K [0x0000000795580000, 0x0000000798380000, 0x00000007c0000000)
  eden space 32768K, 100% used [0x0000000795580000,0x0000000797580000,0x0000000797580000)
  from space 5120K, 77% used [0x0000000797600000,0x00000007979e6040,0x0000000797b00000)
  to   space 7168K, 0% used [0x0000000797c80000,0x0000000797c80000,0x0000000798380000)
 ParOldGen       total 87552K, used 1444K [0x0000000740000000, 0x0000000745580000, 0x0000000795580000)
  object space 87552K, 1% used [0x0000000740000000,0x00000007401692c0,0x0000000745580000)
 Metaspace       used 14521K, capacity 15052K, committed 15232K, reserved 1062912K
  class space    used 1930K, capacity 2083K, committed 2176K, reserved 1048576K
Event: 19.318 GC heap after
Heap after GC invocations=6 (full 0):
 PSYoungGen      total 38912K, used 3992K [0x0000000795580000, 0x0000000798300000, 0x00000007c0000000)
  eden space 32256K, 0% used [0x0000000795580000,0x0000000795580000,0x0000000797500000)
  from space 6656K, 59% used [0x0000000797c80000,0x0000000798066040,0x0000000798300000)
  to   space 7168K, 0% used [0x0000000797500000,0x0000000797500000,0x0000000797c00000)
 ParOldGen       total 87552K, used 1444K [0x0000000740000000, 0x0000000745580000, 0x0000000795580000)
  object space 87552K, 1% used [0x0000000740000000,0x00000007401692c0,0x0000000745580000)
 Metaspace       used 14521K, capacity 15052K, committed 15232K, reserved 1062912K
  class space    used 1930K, capacity 2083K, committed 2176K, reserved 1048576K
}
Event: 20.318 GC heap before
{Heap before GC invocations=7 (full 0):
 PSYoungGen      total 38912K, used 36248K [0x0000000795580000, 0x0000000798300000, 0x00000007c0000000)
  eden space 32256K, 100% used [0x0000000795580000,0x0000000797500000,0x0000000797500000)
  from space 6656K, 59% used [0x0000000797c80000,0x0000000798066040,0x0000000798300000)
  to   space 7168K, 0% used [0x0000000797500000,0x0000000797500000,0x0000000797c00000)
 ParOldGen       total 87552K, used 1444K [0x0000000740000000, 0x0000000745580000, 0x0000000795580000)
  object space 87552K, 1% used [0x0000000740000000,0x00000007401692c0,0x0000000745580000)
 Metaspace       used 14521K, capacity 15052K, committed 15232K, reserved 1062912K
  class space    used 1930K, capacity 2083K, committed 2176K, reserved 1048576K
Event: 20.325 GC heap after
Heap after GC invocations=7 (full 0):
 PSYoungGen      total 38912K, used 96K [0x0000000795580000, 0x0000000798380000, 0x00000007c0000000)
  eden space 31744K, 0% used [0x0000000795580000,0x0000000795580000,0x0000000797480000)
  from space 7168K, 1% used [0x0000000797500000,0x0000000797518000,0x0000000797c00000)
  to   space 7680K, 0% used [0x0000000797c00000,0x0000000797c00000,0x0000000798380000)
 ParOldGen       total 87552K, used 5406K [0x0000000740000000, 0x0000000745580000, 0x0000000795580000)
  object space 87552K, 6% used [0x0000000740000000,0x0000000740547820,0x0000000745580000)
 Metaspace       used 14521K, capacity 15052K, committed 15232K, reserved 1062912K
  class space    used 1930K, capacity 2083K, committed 2176K, reserved 1048576K
}
Event: 21.823 GC heap before
{Heap before GC invocations=8 (full 0):
 PSYoungGen      total 38912K, used 31840K [0x0000000795580000, 0x0000000798380000, 0x00000007c0000000)
  eden space 31744K, 100% used [0x0000000795580000,0x0000000797480000,0x0000000797480000)
  from space 7168K, 1% used [0x0000000797500000,0x0000000797518000,0x0000000797c00000)
  to   space 7680K, 0% used [0x0000000797c00000,0x0000000797c00000,0x0000000798380000)
 ParOldGen       total 87552K, used 5406K [0x0000000740000000, 0x0000000745580000, 0x0000000795580000)
  object space 87552K, 6% used [0x0000000740000000,0x0000000740547820,0x0000000745580000)
 Metaspace       used 14521K, capacity 15052K, committed 15232K, reserved 1062912K
  class space    used 1930K, capacity 2083K, committed 2176K, reserved 1048576K
Event: 21.824 GC heap after
Heap after GC invocations=8 (full 0):
 PSYoungGen      total 38912K, used 32K [0x0000000795580000, 0x0000000798400000, 0x00000007c0000000)
  eden space 31232K, 0% used [0x0000000795580000,0x0000000795580000,0x0000000797400000)
  from space 7680K, 0% used [0x0000000797c00000,0x0000000797c08000,0x0000000798380000)
  to   space 8192K, 0% used [0x0000000797400000,0x0000000797400000,0x0000000797c00000)
 ParOldGen       total 87552K, used 5414K [0x0000000740000000, 0x0000000745580000, 0x0000000795580000)
  object space 87552K, 6% used [0x0000000740000000,0x0000000740549820,0x0000000745580000)
 Metaspace       used 14521K, capacity 15052K, committed 15232K, reserved 1062912K
  class space    used 1930K, capacity 2083K, committed 2176K, reserved 1048576K
}

